[debug] [2020-06-15T20:30:37.656Z] ----------------------------------------------------------------------
[debug] [2020-06-15T20:30:37.663Z] Command:       /usr/local/bin/node /home/sabrina/.npm-global/bin/firebase init
[debug] [2020-06-15T20:30:37.664Z] CLI Version:   8.4.2
[debug] [2020-06-15T20:30:37.664Z] Platform:      linux
[debug] [2020-06-15T20:30:37.665Z] Node Version:  v12.16.1
[debug] [2020-06-15T20:30:38.036Z] Time:          Mon Jun 15 2020 17:30:37 GMT-0300 (GMT-03:00)
[debug] [2020-06-15T20:30:38.037Z] ----------------------------------------------------------------------
[debug] [2020-06-15T20:30:38.037Z] 
[debug] [2020-06-15T20:30:38.333Z] > command requires scopes: ["email","openid","https://www.googleapis.com/auth/cloudplatformprojects.readonly","https://www.googleapis.com/auth/firebase","https://www.googleapis.com/auth/cloud-platform"]
[debug] [2020-06-15T20:30:38.334Z] > authorizing via signed-in user
[info] 
     ######## #### ########  ######## ########     ###     ######  ########
     ##        ##  ##     ## ##       ##     ##  ##   ##  ##       ##
     ######    ##  ########  ######   ########  #########  ######  ######
     ##        ##  ##    ##  ##       ##     ## ##     ##       ## ##
     ##       #### ##     ## ######## ########  ##     ##  ######  ########

You're about to initialize a Firebase project in this directory:

  /home/sabrina/Documentos/LABORATORIA/SAP004-social-network

Before we get started, keep in mind:

  * You are initializing in an existing Firebase project directory

